<?xml version="1.0" encoding="UTF-8"?>
<testsuites name="Mocha Tests" time="9.381" tests="1" failures="0">
  <testsuite name="Root Suite" timestamp="2026-03-22T11:57:40" tests="0" file="cypress\e2e\sprint2\active_users.cy.js" time="0.000" failures="0">
  </testsuite>
  <testsuite name="Active Users Page Features" timestamp="2026-03-22T11:57:40" tests="1" time="9.379" failures="0">
    <testcase name="Active Users Page Features 01 Active Users Accessibility and Elements" time="9.337" classname="01 Active Users Accessibility and Elements">
    </testcase>
  </testsuite>
</testsuites>