<?xml version="1.0" encoding="UTF-8"?>
<testsuites name="Mocha Tests" time="18.965" tests="3" failures="2">
  <testsuite name="Root Suite" timestamp="2026-03-22T13:30:18" tests="0" file="cypress\e2e\sprint2\browse_available_skills.cy.js" time="0.000" failures="0">
  </testsuite>
  <testsuite name="Browse and search available skills" timestamp="2026-03-22T13:30:18" tests="3" time="18.961" failures="2">
    <testcase name="Browse and search available skills 01 View available skills and their owner information prominently" time="9.301" classname="01 View available skills and their owner information prominently">
    </testcase>
    <testcase name="Browse and search available skills 02 Search skills by specific name and verify correct matches" time="0.000" classname="02 Search skills by specific name and verify correct matches">
      <failure message="Timed out retrying after 4000ms: Expected to find element: `.skill-row`, but never found it." type="AssertionError"><![CDATA[AssertionError: Timed out retrying after 4000ms: Expected to find element: `.skill-row`, but never found it.
    at Context.eval (webpack://spring2_test/./cypress/e2e/sprint2/browse_available_skills.cy.js:53:29)]]></failure>
    </testcase>
    <testcase name="Browse and search available skills 03 Open skill owner profiles from search results" time="0.000" classname="03 Open skill owner profiles from search results">
      <failure message="Timed out retrying after 4000ms: Expected to find element: `.skill-row`, but never found it." type="AssertionError"><![CDATA[AssertionError: Timed out retrying after 4000ms: Expected to find element: `.skill-row`, but never found it.
    at Context.eval (webpack://spring2_test/./cypress/e2e/sprint2/browse_available_skills.cy.js:61:11)]]></failure>
    </testcase>
  </testsuite>
</testsuites>