<?xml version="1.0" encoding="UTF-8"?>
<testsuites name="Mocha Tests" time="9.359" tests="4" failures="1">
  <testsuite name="Root Suite" timestamp="2026-03-22T13:30:40" tests="0" file="cypress\e2e\sprint2\filter_sort_skills.cy.js" time="0.000" failures="0">
  </testsuite>
  <testsuite name="Filter and sort available skills" timestamp="2026-03-22T13:30:40" tests="4" time="9.352" failures="1">
    <testcase name="Filter and sort available skills &quot;before all&quot; hook for &quot;01 Filter active users by skill category and proficiency level&quot;" time="0.000" classname="&quot;before all&quot; hook for &quot;01 Filter active users by skill category and proficiency level&quot;">
      <failure message="Timed out retrying after 4000ms: Expected to find element: `input[name=&quot;availabilityStatus&quot;][value=&quot;AVAILABLE&quot;]`, but never found it.

Because this error occurred during a `before all` hook we are skipping the remaining tests in the current suite: `Filter and sort available s...`" type="AssertionError"><![CDATA[AssertionError: Timed out retrying after 4000ms: Expected to find element: `input[name="availabilityStatus"][value="AVAILABLE"]`, but never found it.

Because this error occurred during a `before all` hook we are skipping the remaining tests in the current suite: `Filter and sort available s...`
    at Context.eval (webpack://spring2_test/./cypress/e2e/sprint2/filter_sort_skills.cy.js:25:11)]]></failure>
    </testcase>
  </testsuite>
</testsuites>