<?xml version="1.0" encoding="UTF-8"?>
<testsuites name="Mocha Tests" time="9.337" tests="4" failures="4">
  <testsuite name="Root Suite" timestamp="2026-03-22T13:24:22" tests="0" file="cypress\e2e\sprint2\skill_management_validation.cy.js" time="0.000" failures="0">
  </testsuite>
  <testsuite name="Implement validation and error handling for skill management" timestamp="2026-03-22T13:24:22" tests="4" time="9.329" failures="4">
    <testcase name="Implement validation and error handling for skill management 01 Validates required fields proactively on submission" time="0.000" classname="01 Validates required fields proactively on submission">
      <failure message="`cy.click()` can only be called on a single element. Your subject contained 4 elements. Pass `{ multiple: true }` if you want to serially click each element.

https://on.cypress.io/click" type="CypressError"><![CDATA[CypressError: `cy.click()` can only be called on a single element. Your subject contained 4 elements. Pass `{ multiple: true }` if you want to serially click each element.

https://on.cypress.io/click
    at mouseAction (http://localhost:8081/__cypress/runner/cypress_runner.js:114755:68)
    at Context.click (http://localhost:8081/__cypress/runner/cypress_runner.js:114922:14)
    at wrapped (http://localhost:8081/__cypress/runner/cypress_runner.js:146330:19)
From Your Spec Code:
    at Context.eval (webpack://spring2_test/./cypress/e2e/sprint2/skill_management_validation.cy.js:21:33)]]></failure>
    </testcase>
    <testcase name="Implement validation and error handling for skill management 02 Ensures skill name cannot be empty and attributes validated" time="0.000" classname="02 Ensures skill name cannot be empty and attributes validated">
      <failure message="`cy.click()` can only be called on a single element. Your subject contained 4 elements. Pass `{ multiple: true }` if you want to serially click each element.

https://on.cypress.io/click" type="CypressError"><![CDATA[CypressError: `cy.click()` can only be called on a single element. Your subject contained 4 elements. Pass `{ multiple: true }` if you want to serially click each element.

https://on.cypress.io/click
    at mouseAction (http://localhost:8081/__cypress/runner/cypress_runner.js:114755:68)
    at Context.click (http://localhost:8081/__cypress/runner/cypress_runner.js:114922:14)
    at wrapped (http://localhost:8081/__cypress/runner/cypress_runner.js:146330:19)
From Your Spec Code:
    at Context.eval (webpack://spring2_test/./cypress/e2e/sprint2/skill_management_validation.cy.js:42:33)]]></failure>
    </testcase>
    <testcase name="Implement validation and error handling for skill management 03 Ensures category and proficiency level must be explicitly selected" time="0.000" classname="03 Ensures category and proficiency level must be explicitly selected">
      <failure message="`cy.click()` can only be called on a single element. Your subject contained 4 elements. Pass `{ multiple: true }` if you want to serially click each element.

https://on.cypress.io/click" type="CypressError"><![CDATA[CypressError: `cy.click()` can only be called on a single element. Your subject contained 4 elements. Pass `{ multiple: true }` if you want to serially click each element.

https://on.cypress.io/click
    at mouseAction (http://localhost:8081/__cypress/runner/cypress_runner.js:114755:68)
    at Context.click (http://localhost:8081/__cypress/runner/cypress_runner.js:114922:14)
    at wrapped (http://localhost:8081/__cypress/runner/cypress_runner.js:146330:19)
From Your Spec Code:
    at Context.eval (webpack://spring2_test/./cypress/e2e/sprint2/skill_management_validation.cy.js:57:33)]]></failure>
    </testcase>
    <testcase name="Implement validation and error handling for skill management 04 Valid skill entries are natively accepted without errors" time="0.000" classname="04 Valid skill entries are natively accepted without errors">
      <failure message="`cy.click()` can only be called on a single element. Your subject contained 4 elements. Pass `{ multiple: true }` if you want to serially click each element.

https://on.cypress.io/click" type="CypressError"><![CDATA[CypressError: `cy.click()` can only be called on a single element. Your subject contained 4 elements. Pass `{ multiple: true }` if you want to serially click each element.

https://on.cypress.io/click
    at mouseAction (http://localhost:8081/__cypress/runner/cypress_runner.js:114755:68)
    at Context.click (http://localhost:8081/__cypress/runner/cypress_runner.js:114922:14)
    at wrapped (http://localhost:8081/__cypress/runner/cypress_runner.js:146330:19)
From Your Spec Code:
    at Context.eval (webpack://spring2_test/./cypress/e2e/sprint2/skill_management_validation.cy.js:74:33)]]></failure>
    </testcase>
  </testsuite>
</testsuites>