<?xml version="1.0" encoding="UTF-8"?>
<testsuites name="Mocha Tests" time="20.088" tests="4" failures="3">
  <testsuite name="Root Suite" timestamp="2026-03-22T13:23:45" tests="0" file="cypress\e2e\sprint2\manage_skills_ui.cy.js" time="0.000" failures="0">
  </testsuite>
  <testsuite name="Manage Skills - User Interface" timestamp="2026-03-22T13:23:45" tests="4" time="20.084" failures="3">
    <testcase name="Manage Skills - User Interface 01 Verify Manage Skills page loads for logged-in users" time="6.873" classname="01 Verify Manage Skills page loads for logged-in users">
    </testcase>
    <testcase name="Manage Skills - User Interface 02 Verify existing skills explicitly display in a list/table" time="0.000" classname="02 Verify existing skills explicitly display in a list/table">
      <failure message="Timed out retrying after 4000ms: Expected to find element: `.skills-grid`, but never found it." type="AssertionError"><![CDATA[AssertionError: Timed out retrying after 4000ms: Expected to find element: `.skills-grid`, but never found it.
    at Context.eval (webpack://spring2_test/./cypress/e2e/sprint2/manage_skills_ui.cy.js:36:31)]]></failure>
    </testcase>
    <testcase name="Manage Skills - User Interface 03 Ensure all input fields and dropdowns are correctly rendered" time="0.000" classname="03 Ensure all input fields and dropdowns are correctly rendered">
      <failure message="Timed out retrying after 4000ms: Expected to find element: `.page-header .btn-add-skill`, but never found it." type="AssertionError"><![CDATA[AssertionError: Timed out retrying after 4000ms: Expected to find element: `.page-header .btn-add-skill`, but never found it.
    at Context.eval (webpack://spring2_test/./cypress/e2e/sprint2/manage_skills_ui.cy.js:43:11)]]></failure>
    </testcase>
    <testcase name="Manage Skills - User Interface 04 Verify capability to delete a skill seamlessly from the interface" time="0.000" classname="04 Verify capability to delete a skill seamlessly from the interface">
      <failure message="Timed out retrying after 4000ms: Expected to find element: `.skill-card`, but never found it." type="AssertionError"><![CDATA[AssertionError: Timed out retrying after 4000ms: Expected to find element: `.skill-card`, but never found it.
    at Context.eval (webpack://spring2_test/./cypress/e2e/sprint2/manage_skills_ui.cy.js:66:11)]]></failure>
    </testcase>
  </testsuite>
</testsuites>